{"/Users/ruttinger/hslu/weblab/backend/middleware/authenticate.js": {"path":"/Users/ruttinger/hslu/weblab/backend/middleware/authenticate.js","statementMap":{"0":{"start":{"line":1,"column":12},"end":{"line":1,"column":35}},"1":{"start":{"line":2,"column":15},"end":{"line":2,"column":32}},"2":{"start":{"line":3,"column":13},"end":{"line":3,"column":28}},"3":{"start":{"line":5,"column":0},"end":{"line":5,"column":49}},"4":{"start":{"line":7,"column":23},"end":{"line":31,"column":1}},"5":{"start":{"line":8,"column":21},"end":{"line":8,"column":48}},"6":{"start":{"line":10,"column":2},"end":{"line":14,"column":3}},"7":{"start":{"line":11,"column":4},"end":{"line":13,"column":61}},"8":{"start":{"line":16,"column":16},"end":{"line":16,"column":37}},"9":{"start":{"line":17,"column":2},"end":{"line":19,"column":3}},"10":{"start":{"line":18,"column":4},"end":{"line":18,"column":64}},"11":{"start":{"line":21,"column":16},"end":{"line":21,"column":24}},"12":{"start":{"line":23,"column":2},"end":{"line":30,"column":3}},"13":{"start":{"line":24,"column":24},"end":{"line":24,"column":65}},"14":{"start":{"line":25,"column":4},"end":{"line":25,"column":27}},"15":{"start":{"line":26,"column":4},"end":{"line":26,"column":11}},"16":{"start":{"line":28,"column":4},"end":{"line":28,"column":61}},"17":{"start":{"line":29,"column":4},"end":{"line":29,"column":55}},"18":{"start":{"line":33,"column":0},"end":{"line":33,"column":32}}},"fnMap":{"0":{"name":"(anonymous_0)","decl":{"start":{"line":7,"column":23},"end":{"line":7,"column":24}},"loc":{"start":{"line":7,"column":43},"end":{"line":31,"column":1}},"line":7}},"branchMap":{"0":{"loc":{"start":{"line":10,"column":2},"end":{"line":14,"column":3}},"type":"if","locations":[{"start":{"line":10,"column":2},"end":{"line":14,"column":3}},{"start":{},"end":{}}],"line":10},"1":{"loc":{"start":{"line":17,"column":2},"end":{"line":19,"column":3}},"type":"if","locations":[{"start":{"line":17,"column":2},"end":{"line":19,"column":3}},{"start":{},"end":{}}],"line":17},"2":{"loc":{"start":{"line":17,"column":6},"end":{"line":17,"column":49}},"type":"binary-expr","locations":[{"start":{"line":17,"column":6},"end":{"line":17,"column":24}},{"start":{"line":17,"column":28},"end":{"line":17,"column":49}}],"line":17}},"s":{"0":1,"1":1,"2":1,"3":1,"4":1,"5":1,"6":1,"7":0,"8":1,"9":1,"10":0,"11":1,"12":1,"13":1,"14":1,"15":1,"16":0,"17":0,"18":1},"f":{"0":1},"b":{"0":[0,1],"1":[0,1],"2":[1,1]},"_coverageSchema":"1a1c01bbd47fc00a2c39e90264f33305004495a9","hash":"858321b56f5cda7324a03db6c2165eaf4f12afff"}
,"/Users/ruttinger/hslu/weblab/backend/middleware/authorize.js": {"path":"/Users/ruttinger/hslu/weblab/backend/middleware/authorize.js","statementMap":{"0":{"start":{"line":1,"column":18},"end":{"line":9,"column":1}},"1":{"start":{"line":2,"column":2},"end":{"line":8,"column":4}},"2":{"start":{"line":3,"column":4},"end":{"line":6,"column":5}},"3":{"start":{"line":4,"column":6},"end":{"line":4,"column":28}},"4":{"start":{"line":5,"column":6},"end":{"line":5,"column":79}},"5":{"start":{"line":7,"column":4},"end":{"line":7,"column":11}},"6":{"start":{"line":11,"column":0},"end":{"line":11,"column":27}}},"fnMap":{"0":{"name":"(anonymous_0)","decl":{"start":{"line":1,"column":18},"end":{"line":1,"column":19}},"loc":{"start":{"line":1,"column":34},"end":{"line":9,"column":1}},"line":1},"1":{"name":"(anonymous_1)","decl":{"start":{"line":2,"column":9},"end":{"line":2,"column":10}},"loc":{"start":{"line":2,"column":29},"end":{"line":8,"column":3}},"line":2}},"branchMap":{"0":{"loc":{"start":{"line":1,"column":19},"end":{"line":1,"column":29}},"type":"default-arg","locations":[{"start":{"line":1,"column":27},"end":{"line":1,"column":29}}],"line":1},"1":{"loc":{"start":{"line":3,"column":4},"end":{"line":6,"column":5}},"type":"if","locations":[{"start":{"line":3,"column":4},"end":{"line":6,"column":5}},{"start":{},"end":{}}],"line":3},"2":{"loc":{"start":{"line":3,"column":8},"end":{"line":3,"column":51}},"type":"binary-expr","locations":[{"start":{"line":3,"column":8},"end":{"line":3,"column":17}},{"start":{"line":3,"column":21},"end":{"line":3,"column":51}}],"line":3}},"s":{"0":1,"1":4,"2":1,"3":0,"4":0,"5":1,"6":1},"f":{"0":4,"1":1},"b":{"0":[0],"1":[0,1],"2":[1,1]},"_coverageSchema":"1a1c01bbd47fc00a2c39e90264f33305004495a9","hash":"2df3ffe6c9dd5d3d16e6bf6246bc8fb688fbd018"}
,"/Users/ruttinger/hslu/weblab/backend/models/loginLog.js": {"path":"/Users/ruttinger/hslu/weblab/backend/models/loginLog.js","statementMap":{"0":{"start":{"line":1,"column":17},"end":{"line":1,"column":36}},"1":{"start":{"line":3,"column":23},"end":{"line":9,"column":2}},"2":{"start":{"line":11,"column":0},"end":{"line":11,"column":60}}},"fnMap":{},"branchMap":{},"s":{"0":1,"1":1,"2":1},"f":{},"b":{},"_coverageSchema":"1a1c01bbd47fc00a2c39e90264f33305004495a9","hash":"7ac619ae105e4e246bc34f55e4cb1df91b06d12b"}
,"/Users/ruttinger/hslu/weblab/backend/models/technology.js": {"path":"/Users/ruttinger/hslu/weblab/backend/models/technology.js","statementMap":{"0":{"start":{"line":1,"column":17},"end":{"line":1,"column":36}},"1":{"start":{"line":3,"column":25},"end":{"line":47,"column":2}},"2":{"start":{"line":18,"column":6},"end":{"line":18,"column":39}},"3":{"start":{"line":21,"column":17},"end":{"line":21,"column":36}},"4":{"start":{"line":30,"column":6},"end":{"line":30,"column":39}},"5":{"start":{"line":33,"column":17},"end":{"line":33,"column":36}},"6":{"start":{"line":49,"column":0},"end":{"line":49,"column":64}}},"fnMap":{"0":{"name":"(anonymous_0)","decl":{"start":{"line":17,"column":14},"end":{"line":17,"column":15}},"loc":{"start":{"line":17,"column":26},"end":{"line":19,"column":5}},"line":17},"1":{"name":"(anonymous_1)","decl":{"start":{"line":21,"column":9},"end":{"line":21,"column":10}},"loc":{"start":{"line":21,"column":17},"end":{"line":21,"column":36}},"line":21},"2":{"name":"(anonymous_2)","decl":{"start":{"line":29,"column":14},"end":{"line":29,"column":15}},"loc":{"start":{"line":29,"column":26},"end":{"line":31,"column":5}},"line":29},"3":{"name":"(anonymous_3)","decl":{"start":{"line":33,"column":9},"end":{"line":33,"column":10}},"loc":{"start":{"line":33,"column":17},"end":{"line":33,"column":36}},"line":33}},"branchMap":{"0":{"loc":{"start":{"line":21,"column":17},"end":{"line":21,"column":36}},"type":"cond-expr","locations":[{"start":{"line":21,"column":28},"end":{"line":21,"column":32}},{"start":{"line":21,"column":35},"end":{"line":21,"column":36}}],"line":21},"1":{"loc":{"start":{"line":33,"column":17},"end":{"line":33,"column":36}},"type":"cond-expr","locations":[{"start":{"line":33,"column":28},"end":{"line":33,"column":32}},{"start":{"line":33,"column":35},"end":{"line":33,"column":36}}],"line":33}},"s":{"0":1,"1":1,"2":3,"3":2,"4":3,"5":2,"6":1},"f":{"0":3,"1":2,"2":3,"3":2},"b":{"0":[0,2],"1":[0,2]},"_coverageSchema":"1a1c01bbd47fc00a2c39e90264f33305004495a9","hash":"d5d62599ebdac1bbbb8b53efcddc5802352065fa"}
,"/Users/ruttinger/hslu/weblab/backend/models/user.js": {"path":"/Users/ruttinger/hslu/weblab/backend/models/user.js","statementMap":{"0":{"start":{"line":1,"column":17},"end":{"line":1,"column":36}},"1":{"start":{"line":3,"column":19},"end":{"line":21,"column":2}},"2":{"start":{"line":23,"column":0},"end":{"line":23,"column":52}}},"fnMap":{},"branchMap":{},"s":{"0":1,"1":1,"2":1},"f":{},"b":{},"_coverageSchema":"1a1c01bbd47fc00a2c39e90264f33305004495a9","hash":"4721a8173c744eb8f58e9878813ef0758474e14b"}
,"/Users/ruttinger/hslu/weblab/backend/routes/auth.js": {"path":"/Users/ruttinger/hslu/weblab/backend/routes/auth.js","statementMap":{"0":{"start":{"line":1,"column":16},"end":{"line":1,"column":34}},"1":{"start":{"line":2,"column":15},"end":{"line":2,"column":32}},"2":{"start":{"line":3,"column":12},"end":{"line":3,"column":35}},"3":{"start":{"line":5,"column":18},"end":{"line":5,"column":55}},"4":{"start":{"line":7,"column":13},"end":{"line":7,"column":41}},"5":{"start":{"line":8,"column":17},"end":{"line":8,"column":49}},"6":{"start":{"line":10,"column":15},"end":{"line":10,"column":31}},"7":{"start":{"line":12,"column":0},"end":{"line":29,"column":3}},"8":{"start":{"line":13,"column":2},"end":{"line":28,"column":3}},"9":{"start":{"line":14,"column":38},"end":{"line":14,"column":46}},"10":{"start":{"line":15,"column":15},"end":{"line":15,"column":44}},"11":{"start":{"line":16,"column":4},"end":{"line":16,"column":78}},"12":{"start":{"line":16,"column":14},"end":{"line":16,"column":78}},"13":{"start":{"line":18,"column":17},"end":{"line":18,"column":41}},"14":{"start":{"line":19,"column":27},"end":{"line":19,"column":60}},"15":{"start":{"line":21,"column":4},"end":{"line":21,"column":79}},"16":{"start":{"line":22,"column":4},"end":{"line":22,"column":22}},"17":{"start":{"line":24,"column":4},"end":{"line":24,"column":70}},"18":{"start":{"line":26,"column":4},"end":{"line":26,"column":23}},"19":{"start":{"line":27,"column":4},"end":{"line":27,"column":54}},"20":{"start":{"line":31,"column":0},"end":{"line":67,"column":3}},"21":{"start":{"line":32,"column":2},"end":{"line":66,"column":3}},"22":{"start":{"line":33,"column":32},"end":{"line":33,"column":40}},"23":{"start":{"line":35,"column":15},"end":{"line":35,"column":44}},"24":{"start":{"line":36,"column":4},"end":{"line":36,"column":79}},"25":{"start":{"line":36,"column":15},"end":{"line":36,"column":79}},"26":{"start":{"line":38,"column":20},"end":{"line":38,"column":65}},"27":{"start":{"line":39,"column":4},"end":{"line":40,"column":70}},"28":{"start":{"line":40,"column":6},"end":{"line":40,"column":70}},"29":{"start":{"line":42,"column":18},"end":{"line":48,"column":5}},"30":{"start":{"line":50,"column":4},"end":{"line":61,"column":5}},"31":{"start":{"line":51,"column":6},"end":{"line":60,"column":7}},"32":{"start":{"line":52,"column":8},"end":{"line":57,"column":11}},"33":{"start":{"line":59,"column":8},"end":{"line":59,"column":68}},"34":{"start":{"line":63,"column":4},"end":{"line":63,"column":36}},"35":{"start":{"line":65,"column":4},"end":{"line":65,"column":54}},"36":{"start":{"line":69,"column":0},"end":{"line":69,"column":24}}},"fnMap":{"0":{"name":"(anonymous_0)","decl":{"start":{"line":12,"column":45},"end":{"line":12,"column":46}},"loc":{"start":{"line":12,"column":65},"end":{"line":29,"column":1}},"line":12},"1":{"name":"(anonymous_1)","decl":{"start":{"line":31,"column":22},"end":{"line":31,"column":23}},"loc":{"start":{"line":31,"column":42},"end":{"line":67,"column":1}},"line":31}},"branchMap":{"0":{"loc":{"start":{"line":16,"column":4},"end":{"line":16,"column":78}},"type":"if","locations":[{"start":{"line":16,"column":4},"end":{"line":16,"column":78}},{"start":{},"end":{}}],"line":16},"1":{"loc":{"start":{"line":21,"column":61},"end":{"line":21,"column":75}},"type":"binary-expr","locations":[{"start":{"line":21,"column":61},"end":{"line":21,"column":65}},{"start":{"line":21,"column":69},"end":{"line":21,"column":75}}],"line":21},"2":{"loc":{"start":{"line":36,"column":4},"end":{"line":36,"column":79}},"type":"if","locations":[{"start":{"line":36,"column":4},"end":{"line":36,"column":79}},{"start":{},"end":{}}],"line":36},"3":{"loc":{"start":{"line":39,"column":4},"end":{"line":40,"column":70}},"type":"if","locations":[{"start":{"line":39,"column":4},"end":{"line":40,"column":70}},{"start":{},"end":{}}],"line":39},"4":{"loc":{"start":{"line":50,"column":4},"end":{"line":61,"column":5}},"type":"if","locations":[{"start":{"line":50,"column":4},"end":{"line":61,"column":5}},{"start":{},"end":{}}],"line":50},"5":{"loc":{"start":{"line":54,"column":20},"end":{"line":54,"column":47}},"type":"binary-expr","locations":[{"start":{"line":54,"column":20},"end":{"line":54,"column":33}},{"start":{"line":54,"column":37},"end":{"line":54,"column":47}}],"line":54}},"s":{"0":1,"1":1,"2":1,"3":1,"4":1,"5":1,"6":1,"7":1,"8":0,"9":0,"10":0,"11":0,"12":0,"13":0,"14":0,"15":0,"16":0,"17":0,"18":0,"19":0,"20":1,"21":0,"22":0,"23":0,"24":0,"25":0,"26":0,"27":0,"28":0,"29":0,"30":0,"31":0,"32":0,"33":0,"34":0,"35":0,"36":1},"f":{"0":0,"1":0},"b":{"0":[0,0],"1":[0,0],"2":[0,0],"3":[0,0],"4":[0,0],"5":[0,0]},"_coverageSchema":"1a1c01bbd47fc00a2c39e90264f33305004495a9","hash":"ae11cef044f171d814df0dc67b73710f0e87910b"}
,"/Users/ruttinger/hslu/weblab/backend/routes/technologies.js": {"path":"/Users/ruttinger/hslu/weblab/backend/routes/technologies.js","statementMap":{"0":{"start":{"line":1,"column":16},"end":{"line":1,"column":34}},"1":{"start":{"line":3,"column":18},"end":{"line":3,"column":55}},"2":{"start":{"line":4,"column":19},"end":{"line":4,"column":53}},"3":{"start":{"line":6,"column":15},"end":{"line":6,"column":31}},"4":{"start":{"line":8,"column":0},"end":{"line":20,"column":3}},"5":{"start":{"line":9,"column":2},"end":{"line":19,"column":3}},"6":{"start":{"line":10,"column":33},"end":{"line":10,"column":41}},"7":{"start":{"line":11,"column":23},"end":{"line":14,"column":6}},"8":{"start":{"line":15,"column":18},"end":{"line":15,"column":41}},"9":{"start":{"line":16,"column":4},"end":{"line":16,"column":32}},"10":{"start":{"line":18,"column":4},"end":{"line":18,"column":49}},"11":{"start":{"line":22,"column":0},"end":{"line":44,"column":3}},"12":{"start":{"line":23,"column":2},"end":{"line":43,"column":3}},"13":{"start":{"line":24,"column":33},"end":{"line":24,"column":41}},"14":{"start":{"line":26,"column":20},"end":{"line":34,"column":5}},"15":{"start":{"line":36,"column":4},"end":{"line":38,"column":5}},"16":{"start":{"line":37,"column":6},"end":{"line":37,"column":69}},"17":{"start":{"line":40,"column":4},"end":{"line":40,"column":22}},"18":{"start":{"line":42,"column":4},"end":{"line":42,"column":49}},"19":{"start":{"line":46,"column":0},"end":{"line":53,"column":3}},"20":{"start":{"line":47,"column":2},"end":{"line":52,"column":3}},"21":{"start":{"line":48,"column":25},"end":{"line":48,"column":48}},"22":{"start":{"line":49,"column":4},"end":{"line":49,"column":27}},"23":{"start":{"line":51,"column":4},"end":{"line":51,"column":49}},"24":{"start":{"line":55,"column":0},"end":{"line":72,"column":3}},"25":{"start":{"line":56,"column":2},"end":{"line":71,"column":3}},"26":{"start":{"line":57,"column":25},"end":{"line":57,"column":33}},"27":{"start":{"line":58,"column":4},"end":{"line":60,"column":5}},"28":{"start":{"line":59,"column":6},"end":{"line":59,"column":66}},"29":{"start":{"line":62,"column":21},"end":{"line":65,"column":7}},"30":{"start":{"line":62,"column":65},"end":{"line":65,"column":5}},"31":{"start":{"line":67,"column":18},"end":{"line":67,"column":55}},"32":{"start":{"line":68,"column":4},"end":{"line":68,"column":32}},"33":{"start":{"line":70,"column":4},"end":{"line":70,"column":49}},"34":{"start":{"line":74,"column":0},"end":{"line":74,"column":24}}},"fnMap":{"0":{"name":"(anonymous_0)","decl":{"start":{"line":8,"column":37},"end":{"line":8,"column":38}},"loc":{"start":{"line":8,"column":57},"end":{"line":20,"column":1}},"line":8},"1":{"name":"(anonymous_1)","decl":{"start":{"line":22,"column":39},"end":{"line":22,"column":40}},"loc":{"start":{"line":22,"column":59},"end":{"line":44,"column":1}},"line":22},"2":{"name":"(anonymous_2)","decl":{"start":{"line":46,"column":16},"end":{"line":46,"column":17}},"loc":{"start":{"line":46,"column":36},"end":{"line":53,"column":1}},"line":46},"3":{"name":"(anonymous_3)","decl":{"start":{"line":55,"column":41},"end":{"line":55,"column":42}},"loc":{"start":{"line":55,"column":61},"end":{"line":72,"column":1}},"line":55},"4":{"name":"(anonymous_4)","decl":{"start":{"line":62,"column":38},"end":{"line":62,"column":39}},"loc":{"start":{"line":62,"column":65},"end":{"line":65,"column":5}},"line":62}},"branchMap":{"0":{"loc":{"start":{"line":13,"column":19},"end":{"line":13,"column":46}},"type":"cond-expr","locations":[{"start":{"line":13,"column":29},"end":{"line":13,"column":39}},{"start":{"line":13,"column":42},"end":{"line":13,"column":46}}],"line":13},"1":{"loc":{"start":{"line":30,"column":21},"end":{"line":30,"column":48}},"type":"cond-expr","locations":[{"start":{"line":30,"column":31},"end":{"line":30,"column":41}},{"start":{"line":30,"column":44},"end":{"line":30,"column":48}}],"line":30},"2":{"loc":{"start":{"line":36,"column":4},"end":{"line":38,"column":5}},"type":"if","locations":[{"start":{"line":36,"column":4},"end":{"line":38,"column":5}},{"start":{},"end":{}}],"line":36},"3":{"loc":{"start":{"line":58,"column":4},"end":{"line":60,"column":5}},"type":"if","locations":[{"start":{"line":58,"column":4},"end":{"line":60,"column":5}},{"start":{},"end":{}}],"line":58},"4":{"loc":{"start":{"line":64,"column":19},"end":{"line":64,"column":46}},"type":"cond-expr","locations":[{"start":{"line":64,"column":29},"end":{"line":64,"column":39}},{"start":{"line":64,"column":42},"end":{"line":64,"column":46}}],"line":64}},"s":{"0":1,"1":1,"2":1,"3":1,"4":1,"5":1,"6":1,"7":1,"8":1,"9":1,"10":0,"11":1,"12":0,"13":0,"14":0,"15":0,"16":0,"17":0,"18":0,"19":1,"20":0,"21":0,"22":0,"23":0,"24":1,"25":0,"26":0,"27":0,"28":0,"29":0,"30":0,"31":0,"32":0,"33":0,"34":1},"f":{"0":1,"1":0,"2":0,"3":0,"4":0},"b":{"0":[1,0],"1":[0,0],"2":[0,0],"3":[0,0],"4":[0,0]},"_coverageSchema":"1a1c01bbd47fc00a2c39e90264f33305004495a9","hash":"48a36f78f573b8a9eb72c1ab636dee2fe1687957"}
}
